# JRE version: OpenJDK Runtime Environment Zulu21.32+17-CA (21.0.2+13) (build 21.0.2+13-LTS)
# Java VM: OpenJDK 64-Bit Server VM Zulu21.32+17-CA (21.0.2+13-LTS, mixed mode, sharing, tiered, compressed oops, compressed class ptrs, g1 gc, windows-amd64)
GC Precious Log:
 CardTable entry size: 512
 Card Set container configuration: InlinePtr #cards 4 size 8 Array Of Cards #cards 16 size 48 Howl #buckets 8 coarsen threshold 3686 Howl Bitmap #cards 512 size 80 coarsen threshold 460 Card regions per heap region 1 cards per card region 4096
 CPUs: 8 total, 8 available
 Memory: 16167M
 Large Page Support: Disabled
 NUMA Support: Disabled
 Compressed Oops: Enabled (Zero based)
 Heap Region Size: 2M
 Heap Min Capacity: 8M
 Heap Initial Capacity: 254M
 Heap Max Capacity: 4042M
 Pre-touch: Disabled
 Parallel Workers: 8
 Concurrent Workers: 2
 Concurrent Refinement Workers: 8
 Periodic GC: Disabled
Heap:
 garbage-first heap   total 157696K, used 60724K [0x0000000703600000, 0x0000000800000000)
  region size 2048K, 16 young (32768K), 2 survivors (4096K)
 Metaspace       used 78720K, committed 79424K, reserved 1179648K
  class space    used 9846K, committed 10176K, reserved 1048576K
GC Heap History (20 events):
Event: 6.704 GC heap before
{Heap before GC invocations=11 (full 0):
 garbage-first heap   total 55296K, used 44926K [0x0000000703600000, 0x0000000800000000)
  region size 2048K, 13 young (26624K), 2 survivors (4096K)
 Metaspace       used 55096K, committed 55616K, reserved 1114112K
  class space    used 7244K, committed 7488K, reserved 1048576K
}
Event: 6.707 GC heap after
{Heap after GC invocations=12 (full 0):
 garbage-first heap   total 55296K, used 23716K [0x0000000703600000, 0x0000000800000000)
  region size 2048K, 2 young (4096K), 2 survivors (4096K)
 Metaspace       used 55096K, committed 55616K, reserved 1114112K
  class space    used 7244K, committed 7488K, reserved 1048576K
}
Event: 7.053 GC heap before
{Heap before GC invocations=12 (full 0):
 garbage-first heap   total 55296K, used 44196K [0x0000000703600000, 0x0000000800000000)
  region size 2048K, 12 young (24576K), 2 survivors (4096K)
 Metaspace       used 59082K, committed 59648K, reserved 1114112K
  class space    used 7814K, committed 8064K, reserved 1048576K
}
Event: 7.056 GC heap after
{Heap after GC invocations=13 (full 0):
 garbage-first heap   total 55296K, used 24704K [0x0000000703600000, 0x0000000800000000)
  region size 2048K, 2 young (4096K), 2 survivors (4096K)
 Metaspace       used 59082K, committed 59648K, reserved 1114112K
  class space    used 7814K, committed 8064K, reserved 1048576K
}
Event: 7.247 GC heap before
{Heap before GC invocations=13 (full 0):
 garbage-first heap   total 55296K, used 28800K [0x0000000703600000, 0x0000000800000000)
  region size 2048K, 5 young (10240K), 2 survivors (4096K)
 Metaspace       used 59865K, committed 60480K, reserved 1114112K
  class space    used 7907K, committed 8192K, reserved 1048576K
}
Event: 7.249 GC heap after
{Heap after GC invocations=14 (full 0):
 garbage-first heap   total 55296K, used 25224K [0x0000000703600000, 0x0000000800000000)
  region size 2048K, 2 young (4096K), 2 survivors (4096K)
 Metaspace       used 59865K, committed 60480K, reserved 1114112K
  class space    used 7907K, committed 8192K, reserved 1048576K
}
Event: 7.638 GC heap before
{Heap before GC invocations=15 (full 0):
 garbage-first heap   total 55296K, used 45704K [0x0000000703600000, 0x0000000800000000)
  region size 2048K, 12 young (24576K), 2 survivors (4096K)
 Metaspace       used 62002K, committed 62592K, reserved 1114112K
  class space    used 8211K, committed 8448K, reserved 1048576K
}
Event: 7.641 GC heap after
{Heap after GC invocations=16 (full 0):
 garbage-first heap   total 157696K, used 26911K [0x0000000703600000, 0x0000000800000000)
  region size 2048K, 2 young (4096K), 2 survivors (4096K)
 Metaspace       used 62002K, committed 62592K, reserved 1114112K
  class space    used 8211K, committed 8448K, reserved 1048576K
}
Event: 34.073 GC heap before
{Heap before GC invocations=16 (full 0):
 garbage-first heap   total 157696K, used 114975K [0x0000000703600000, 0x0000000800000000)
  region size 2048K, 46 young (94208K), 2 survivors (4096K)
 Metaspace       used 71586K, committed 72320K, reserved 1114112K
  class space    used 9430K, committed 9792K, reserved 1048576K
}
Event: 34.083 GC heap after
{Heap after GC invocations=17 (full 0):
 garbage-first heap   total 157696K, used 31435K [0x0000000703600000, 0x0000000800000000)
  region size 2048K, 4 young (8192K), 4 survivors (8192K)
 Metaspace       used 71586K, committed 72320K, reserved 1114112K
  class space    used 9430K, committed 9792K, reserved 1048576K
}
Event: 2741.709 GC heap before
{Heap before GC invocations=17 (full 0):
 garbage-first heap   total 157696K, used 117451K [0x0000000703600000, 0x0000000800000000)
  region size 2048K, 46 young (94208K), 4 survivors (8192K)
 Metaspace       used 78206K, committed 78976K, reserved 1179648K
  class space    used 9842K, committed 10176K, reserved 1048576K
}
Event: 2741.726 GC heap after
{Heap after GC invocations=18 (full 0):
 garbage-first heap   total 157696K, used 34152K [0x0000000703600000, 0x0000000800000000)
  region size 2048K, 4 young (8192K), 4 survivors (8192K)
 Metaspace       used 78206K, committed 78976K, reserved 1179648K
  class space    used 9842K, committed 10176K, reserved 1048576K
}
Event: 2746.780 GC heap before
{Heap before GC invocations=18 (full 0):
 garbage-first heap   total 157696K, used 120168K [0x0000000703600000, 0x0000000800000000)
  region size 2048K, 46 young (94208K), 4 survivors (8192K)
 Metaspace       used 78714K, committed 79424K, reserved 1179648K
  class space    used 9845K, committed 10176K, reserved 1048576K
}
Event: 2746.792 GC heap after
{Heap after GC invocations=19 (full 0):
 garbage-first heap   total 157696K, used 34582K [0x0000000703600000, 0x0000000800000000)
  region size 2048K, 2 young (4096K), 2 survivors (4096K)
 Metaspace       used 78714K, committed 79424K, reserved 1179648K
  class space    used 9845K, committed 10176K, reserved 1048576K
}
Event: 2751.318 GC heap before
{Heap before GC invocations=19 (full 0):
 garbage-first heap   total 157696K, used 124694K [0x0000000703600000, 0x0000000800000000)
  region size 2048K, 46 young (94208K), 2 survivors (4096K)
 Metaspace       used 78717K, committed 79424K, reserved 1179648K
  class space    used 9846K, committed 10176K, reserved 1048576K
}
Event: 2751.326 GC heap after
{Heap after GC invocations=20 (full 0):
 garbage-first heap   total 157696K, used 34136K [0x0000000703600000, 0x0000000800000000)
  region size 2048K, 2 young (4096K), 2 survivors (4096K)
 Metaspace       used 78717K, committed 79424K, reserved 1179648K
  class space    used 9846K, committed 10176K, reserved 1048576K
}
Event: 2756.102 GC heap before
{Heap before GC invocations=20 (full 0):
 garbage-first heap   total 157696K, used 124248K [0x0000000703600000, 0x0000000800000000)
  region size 2048K, 46 young (94208K), 2 survivors (4096K)
 Metaspace       used 78718K, committed 79424K, reserved 1179648K
  class space    used 9846K, committed 10176K, reserved 1048576K
}
Event: 2756.110 GC heap after
{Heap after GC invocations=21 (full 0):
 garbage-first heap   total 157696K, used 34052K [0x0000000703600000, 0x0000000800000000)
  region size 2048K, 2 young (4096K), 2 survivors (4096K)
 Metaspace       used 78718K, committed 79424K, reserved 1179648K
  class space    used 9846K, committed 10176K, reserved 1048576K
}
Event: 2760.445 GC heap before
{Heap before GC invocations=21 (full 0):
 garbage-first heap   total 157696K, used 124164K [0x0000000703600000, 0x0000000800000000)
  region size 2048K, 46 young (94208K), 2 survivors (4096K)
 Metaspace       used 78720K, committed 79424K, reserved 1179648K
  class space    used 9846K, committed 10176K, reserved 1048576K
}
Event: 2760.453 GC heap after
{Heap after GC invocations=22 (full 0):
 garbage-first heap   total 157696K, used 34100K [0x0000000703600000, 0x0000000800000000)
  region size 2048K, 2 young (4096K), 2 survivors (4096K)
 Metaspace       used 78720K, committed 79424K, reserved 1179648K
  class space    used 9846K, committed 10176K, reserved 1048576K
}

